mv: cannot stat '/media/experiments/ns-allinone-3.41/ns-3.41/scratch/ECNMC/results_forward/1/*.csv': No such file or directory
mv: cannot stat '/media/experiments/ns-allinone-3.41/ns-3.41/scratch/ECNMC/results_forward/1/*.csv': No such file or directory
mv: cannot stat '/media/experiments/ns-allinone-3.41/ns-3.41/scratch/ECNMC/results_forward/1/*.csv': No such file or directory
mv: cannot stat '/media/experiments/ns-allinone-3.41/ns-3.41/scratch/ECNMC/results_forward/1/*.csv': No such file or directory
mv: cannot stat '/media/experiments/ns-allinone-3.41/ns-3.41/scratch/ECNMC/results_forward/1/*.csv': No such file or directory
mv: cannot stat '/media/experiments/ns-allinone-3.41/ns-3.41/scratch/ECNMC/results_forward/1/*.csv': No such file or directory
	Experiment 0 done
Rate 0.85 done
	Experiment 0 done
Rate 0.87 done
	Experiment 0 done
Rate 0.89 done
	Experiment 0 done
Rate 1.05 done
	Experiment 0 done
Rate 1.13 done
	Experiment 0 done
Rate 1.15 done
	Experiment 1 done
Rate 0.85 done
	Experiment 8 done
Rate 0.85 done
	Experiment 23 done
Rate 0.85 done
	Experiment 21 done
Rate 0.85 done
	Experiment 7 done
Rate 0.85 done
	Experiment 12 done
Rate 0.85 done
	Experiment 10 done
Rate 0.85 done
	Experiment 26 done
Rate 0.85 done
	Experiment 4 done
Rate 0.85 done
	Experiment 11 done
Rate 0.85 done
	Experiment 9 done
Rate 0.85 done
	Experiment 24 done
Rate 0.85 done
	Experiment 5 done
Rate 0.85 done
	Experiment 2 done
Rate 0.85 done
	Experiment 15 done
Rate 0.85 done
	Experiment 25 done
Rate 0.85 done
	Experiment 19 done
Rate 0.85 done
	Experiment 29 done
Rate 0.85 done
	Experiment 16 done
Rate 0.85 done
	Experiment 28 done
Rate 0.85 done
	Experiment 17 done
Rate 0.85 done
	Experiment 6 done
Rate 0.85 done
	Experiment 3 done
Rate 0.85 done
	Experiment 18 done
Rate 0.85 done
	Experiment 14 done
Rate 0.85 done
	Experiment 27 done
Rate 0.85 done
	Experiment 13 done
Rate 0.85 done
	Experiment 20 done
Rate 0.85 done
	Experiment 0 done
Rate 0.85 done
	Experiment 22 done
Rate 0.85 done
	Experiment 21 done
Rate 0.87 done
	Experiment 1 done
Rate 0.87 done
	Experiment 8 done
Rate 0.87 done
	Experiment 10 done
Rate 0.87 done
	Experiment 7 done
Rate 0.87 done
	Experiment 23 done
Rate 0.87 done
	Experiment 12 done
Rate 0.87 done
	Experiment 26 done
Rate 0.87 done
	Experiment 15 done
Rate 0.87 done
	Experiment 9 done
Rate 0.87 done
	Experiment 11 done
Rate 0.87 done
	Experiment 16 done
Rate 0.87 done
	Experiment 28 done
Rate 0.87 done
	Experiment 2 done
Rate 0.87 done
	Experiment 24 done
Rate 0.87 done
	Experiment 3 done
Rate 0.87 done
	Experiment 25 done
Rate 0.87 done
	Experiment 19 done
Rate 0.87 done
	Experiment 18 done
Rate 0.87 done
	Experiment 17 done
Rate 0.87 done
	Experiment 6 done
Rate 0.87 done
	Experiment 27 done
Rate 0.87 done
	Experiment 5 done
Rate 0.87 done
	Experiment 4 done
Rate 0.87 done
	Experiment 29 done
Rate 0.87 done
	Experiment 13 done
Rate 0.87 done
	Experiment 14 done
Rate 0.87 done
	Experiment 20 done
Rate 0.87 done
	Experiment 0 done
Rate 0.87 done
	Experiment 22 done
Rate 0.87 done
	Experiment 1 done
Rate 0.89 done
	Experiment 8 done
Rate 0.89 done
	Experiment 10 done
Rate 0.89 done
	Experiment 12 done
Rate 0.89 done
	Experiment 15 done
Rate 0.89 done
	Experiment 26 done
Rate 0.89 done
	Experiment 16 done
Rate 0.89 done
	Experiment 11 done
Rate 0.89 done
	Experiment 9 done
Rate 0.89 done
	Experiment 21 done
Rate 0.89 done
	Experiment 24 done
Rate 0.89 done
	Experiment 2 done
Rate 0.89 done
	Experiment 28 done
Rate 0.89 done
	Experiment 18 done
Rate 0.89 done
	Experiment 3 done
Rate 0.89 done
	Experiment 25 done
Rate 0.89 done
	Experiment 27 done
Rate 0.89 done
	Experiment 17 done
Rate 0.89 done
	Experiment 6 done
Rate 0.89 done
	Experiment 5 done
Rate 0.89 done
	Experiment 29 done
Rate 0.89 done
	Experiment 23 done
Rate 0.89 done
	Experiment 13 done
Rate 0.89 done
	Experiment 14 done
Rate 0.89 done
	Experiment 20 done
Rate 0.89 done
	Experiment 4 done
Rate 0.89 done
	Experiment 19 done
Rate 0.89 done
	Experiment 7 done
Rate 0.89 done
	Experiment 22 done
Rate 0.89 done
	Experiment 0 done
Rate 0.89 done
	Experiment 1 done
Rate 1.05 done
	Experiment 8 done
Rate 1.05 done
	Experiment 15 done
Rate 1.05 done
	Experiment 10 done
Rate 1.05 done
	Experiment 26 done
Rate 1.05 done
	Experiment 11 done
Rate 1.05 done
	Experiment 9 done
Rate 1.05 done
	Experiment 24 done
Rate 1.05 done
	Experiment 21 done
Rate 1.05 done
	Experiment 2 done
Rate 1.05 done
	Experiment 28 done
Rate 1.05 done
	Experiment 18 done
Rate 1.05 done
	Experiment 3 done
Rate 1.05 done
	Experiment 27 done
Rate 1.05 done
	Experiment 25 done
Rate 1.05 done
	Experiment 5 done
Rate 1.05 done
	Experiment 17 done
Rate 1.05 done
	Experiment 6 done
Rate 1.05 done
	Experiment 12 done
Rate 1.05 done
	Experiment 29 done
Rate 1.05 done
	Experiment 16 done
Rate 1.05 done
	Experiment 13 done
Rate 1.05 done
	Experiment 14 done
Rate 1.05 done
	Experiment 20 done
Rate 1.05 done
	Experiment 4 done
Rate 1.05 done
	Experiment 23 done
Rate 1.05 done
	Experiment 22 done
Rate 1.05 done
	Experiment 19 done
Rate 1.05 done
	Experiment 7 done
Rate 1.05 done
	Experiment 0 done
Rate 1.05 done
	Experiment 15 done
Rate 1.13 done
	Experiment 1 done
Rate 1.13 done
	Experiment 10 done
Rate 1.13 done
	Experiment 11 done
Rate 1.13 done
	Experiment 9 done
Rate 1.13 done
	Experiment 24 done
Rate 1.13 done
	Experiment 2 done
Rate 1.13 done
	Experiment 21 done
Rate 1.13 done
	Experiment 27 done
Rate 1.13 done
	Experiment 28 done
Rate 1.13 done
	Experiment 18 done
Rate 1.13 done
	Experiment 3 done
Rate 1.13 done
	Experiment 25 done
Rate 1.13 done
	Experiment 5 done
Rate 1.13 done
	Experiment 6 done
Rate 1.13 done
	Experiment 12 done
Rate 1.13 done
	Experiment 29 done
Rate 1.13 done
	Experiment 17 done
Rate 1.13 done
	Experiment 26 done
Rate 1.13 done
	Experiment 8 done
Rate 1.13 done
	Experiment 13 done
Rate 1.13 done
	Experiment 20 done
Rate 1.13 done
	Experiment 4 done
Rate 1.13 done
	Experiment 14 done
Rate 1.13 done
	Experiment 16 done
Rate 1.13 done
	Experiment 23 done
Rate 1.13 done
	Experiment 22 done
Rate 1.13 done
	Experiment 19 done
Rate 1.13 done
	Experiment 7 done
Rate 1.13 done
	Experiment 0 done
Rate 1.13 done
	Experiment 15 done
Rate 1.15 done
	Experiment 10 done
Rate 1.15 done
	Experiment 11 done
Rate 1.15 done
	Experiment 24 done
Rate 1.15 done
	Experiment 27 done
Rate 1.15 done
	Experiment 21 done
Rate 1.15 done
	Experiment 18 done
Rate 1.15 done
	Experiment 28 done
Rate 1.15 done
	Experiment 5 done
Rate 1.15 done
	Experiment 3 done
Rate 1.15 done
	Experiment 25 done
Rate 1.15 done
	Experiment 2 done
Rate 1.15 done
	Experiment 1 done
Rate 1.15 done
	Experiment 12 done
Rate 1.15 done
	Experiment 29 done
Rate 1.15 done
	Experiment 9 done
Rate 1.15 done
	Experiment 8 done
Rate 1.15 done
	Experiment 17 done
Rate 1.15 done
	Experiment 26 done
Rate 1.15 done
	Experiment 6 done
Rate 1.15 done
	Experiment 13 done
Rate 1.15 done
	Experiment 20 done
Rate 1.15 done
	Experiment 4 done
Rate 1.15 done
	Experiment 16 done
Rate 1.15 done
	Experiment 23 done
Rate 1.15 done
	Experiment 14 done
Rate 1.15 done
	Experiment 22 done
Rate 1.15 done
	Experiment 19 done
Rate 1.15 done
	Experiment 7 done
Rate 1.15 done
	Experiment 0 done
Rate 1.15 done
-- GLOB mismatch!-- GLOB mismatch!
-- GLOB mismatch!-- GLOB mismatch!


-- GLOB mismatch!-- GLOB mismatch!-- GLOB mismatch!-- GLOB mismatch!

-- GLOB mismatch!-- GLOB mismatch!-- GLOB mismatch!




-- GLOB mismatch!-- GLOB mismatch!

-- GLOB mismatch!-- GLOB mismatch!-- GLOB mismatch!


-- GLOB mismatch!
-- GLOB mismatch!
-- GLOB mismatch!
-- GLOB mismatch!-- GLOB mismatch!
-- GLOB mismatch!-- GLOB mismatch!


-- GLOB mismatch!
-- GLOB mismatch!
-- GLOB mismatch!
CMake Error at build-support/macros-and-definitions.cmake:810 (configure_file):
  No such file or directory
Call Stack (most recent call first):
  CMakeLists.txt:149 (process_options)


CMake Error at build-support/custom-modules/ns3-module-macros.cmake:149 (if):
  if given arguments:

    "AND" "(" "NOT" "FALSE" ")"

  Unknown arguments specified
Call Stack (most recent call first):
  src/antenna/CMakeLists.txt:1 (build_lib)


gmake: *** [Makefile:2308: cmake_check_build_system] Error 1
mv: cannot stat '/media/experiments/ns-allinone-3.41/ns-3.41/scratch/ECNMC/results_reverse/6/*.csv': No such file or directory
CMake Error at /usr/share/cmake-3.22/Modules/CMakePackageConfigHelpers.cmake:342 (configure_file):
  No such file or directory
Call Stack (most recent call first):
  build-support/custom-modules/ns3-cmake-package.cmake:153 (configure_package_config_file)
  CMakeLists.txt:170 (ns3_cmake_package)


gmake: *** [Makefile:2308: cmake_check_build_system] Error 1
CMake Error at build-support/custom-modules/ns3-cmake-package.cmake:111 (configure_file):
  No such file or directory
Call Stack (most recent call first):
  build-support/custom-modules/ns3-cmake-package.cmake:142 (pkgconfig_module)
  CMakeLists.txt:170 (ns3_cmake_package)


CMake Error at build-support/custom-modules/ns3-cmake-package.cmake:111 (configure_file):
  No such file or directory
Call Stack (most recent call first):
  build-support/custom-modules/ns3-cmake-package.cmake:142 (pkgconfig_module)
  CMakeLists.txt:170 (ns3_cmake_package)


mv: cannot stat '/media/experiments/ns-allinone-3.41/ns-3.41/scratch/ECNMC/results_reverse/20/*.csv': No such file or directory
gmake: *** [Makefile:2308: cmake_check_build_system] Error 1
gmake: *** [Makefile:2308: cmake_check_build_system] Error 1
mv: cannot stat '/media/experiments/ns-allinone-3.41/ns-3.41/scratch/ECNMC/results_reverse/9/*.csv': No such file or directory
mv: cannot stat '/media/experiments/ns-allinone-3.41/ns-3.41/scratch/ECNMC/results_reverse/7/*.csv': No such file or directory
CMake Error at build-support/custom-modules/ns3-cmake-package.cmake:111 (configure_file):
  No such file or directory
Call Stack (most recent call first):
  build-support/custom-modules/ns3-cmake-package.cmake:142 (pkgconfig_module)
  CMakeLists.txt:170 (ns3_cmake_package)


CMake Error at build-support/custom-modules/ns3-cmake-package.cmake:111 (configure_file):
  No such file or directory
Call Stack (most recent call first):
  build-support/custom-modules/ns3-cmake-package.cmake:142 (pkgconfig_module)
  CMakeLists.txt:170 (ns3_cmake_package)


CMake Error at build-support/custom-modules/ns3-cmake-package.cmake:111 (configure_file):
  No such file or directory
Call Stack (most recent call first):
  build-support/custom-modules/ns3-cmake-package.cmake:142 (pkgconfig_module)
  CMakeLists.txt:170 (ns3_cmake_package)


CMake Error at build-support/custom-modules/ns3-cmake-package.cmake:111 (configure_file):
  No such file or directory
Call Stack (most recent call first):
  build-support/custom-modules/ns3-cmake-package.cmake:142 (pkgconfig_module)
  CMakeLists.txt:170 (ns3_cmake_package)


gmake: *** [Makefile:2308: cmake_check_build_system] Error 1
gmake: *** [Makefile:2308: cmake_check_build_system] Error 1
gmake: *** [Makefile:2308: cmake_check_build_system] Error 1
mv: cannot stat '/media/experiments/ns-allinone-3.41/ns-3.41/scratch/ECNMC/results_reverse/26/*.csv': No such file or directory
mv: cannot stat '/media/experiments/ns-allinone-3.41/ns-3.41/scratch/ECNMC/results_reverse/27/*.csv': No such file or directory
mv: cannot stat '/media/experiments/ns-allinone-3.41/ns-3.41/scratch/ECNMC/results_reverse/30/*.csv': No such file or directory
	Experiment 5 done
Rate 1.0 done
	Experiment 19 done
Rate 1.0 done
	Experiment 8 done
Rate 1.0 done
	Experiment 6 done
Rate 1.0 done
	Experiment 25 done
Rate 1.0 done
	Experiment 26 done
Rate 1.0 done
	Experiment 29 done
Rate 1.0 done
	Experiment 4 done
Rate 1.0 done
	Experiment 15 done
Rate 1.0 done
	Experiment 1 done
Rate 1.0 done
	Experiment 11 done
Rate 1.0 done
	Experiment 8 done
Rate 2.0 done
	Experiment 5 done
Rate 2.0 done
	Experiment 9 done
Rate 1.0 done
	Experiment 20 done
Rate 1.0 done
	Experiment 18 done
Rate 1.0 done
	Experiment 13 done
Rate 1.0 done
	Experiment 25 done
Rate 2.0 done
	Experiment 27 done
Rate 1.0 done
	Experiment 19 done
Rate 2.0 done
	Experiment 23 done
Rate 1.0 done
	Experiment 14 done
Rate 1.0 done
	Experiment 29 done
Rate 2.0 done
	Experiment 21 done
Rate 1.0 done
	Experiment 2 done
Rate 1.0 done
	Experiment 26 done
Rate 2.0 done
	Experiment 22 done
Rate 1.0 done
	Experiment 6 done
Rate 2.0 done
	Experiment 10 done
Rate 1.0 done
	Experiment 7 done
Rate 1.0 done
	Experiment 12 done
Rate 1.0 done
	Experiment 3 done
Rate 1.0 done
	Experiment 0 done
Rate 1.0 done
	Experiment 24 done
Rate 1.0 done
	Experiment 16 done
Rate 1.0 done
	Experiment 28 done
Rate 1.0 done
	Experiment 17 done
Rate 1.0 done
	Experiment 15 done
Rate 2.0 done
	Experiment 1 done
Rate 2.0 done
	Experiment 11 done
Rate 2.0 done
	Experiment 9 done
Rate 2.0 done
	Experiment 25 done
Rate 3.0 done
	Experiment 23 done
Rate 2.0 done
	Experiment 13 done
Rate 2.0 done
	Experiment 29 done
Rate 3.0 done
	Experiment 5 done
Rate 3.0 done
	Experiment 27 done
Rate 2.0 done
	Experiment 21 done
Rate 2.0 done
	Experiment 18 done
Rate 2.0 done
	Experiment 26 done
Rate 3.0 done
	Experiment 19 done
Rate 3.0 done
	Experiment 8 done
Rate 3.0 done
	Experiment 7 done
Rate 2.0 done
	Experiment 20 done
Rate 2.0 done
	Experiment 2 done
Rate 2.0 done
	Experiment 10 done
Rate 2.0 done
	Experiment 22 done
Rate 2.0 done
	Experiment 12 done
Rate 2.0 done
	Experiment 14 done
Rate 2.0 done
	Experiment 3 done
Rate 2.0 done
	Experiment 0 done
Rate 2.0 done
	Experiment 4 done
Rate 2.0 done
	Experiment 6 done
Rate 3.0 done
	Experiment 28 done
Rate 2.0 done
	Experiment 24 done
Rate 2.0 done
	Experiment 16 done
Rate 2.0 done
	Experiment 17 done
Rate 2.0 done
	Experiment 9 done
Rate 3.0 done
	Experiment 1 done
Rate 3.0 done
	Experiment 29 done
Rate 4.0 done
	Experiment 23 done
Rate 3.0 done
	Experiment 13 done
Rate 3.0 done
	Experiment 25 done
Rate 4.0 done
	Experiment 18 done
Rate 3.0 done
	Experiment 21 done
Rate 3.0 done
	Experiment 27 done
Rate 3.0 done
	Experiment 8 done
Rate 4.0 done
	Experiment 19 done
Rate 4.0 done
	Experiment 7 done
Rate 3.0 done
	Experiment 26 done
Rate 4.0 done
	Experiment 5 done
Rate 4.0 done
	Experiment 2 done
Rate 3.0 done
	Experiment 20 done
Rate 3.0 done
	Experiment 12 done
Rate 3.0 done
	Experiment 10 done
Rate 3.0 done
	Experiment 22 done
Rate 3.0 done
	Experiment 15 done
Rate 3.0 done
	Experiment 11 done
Rate 3.0 done
	Experiment 3 done
Rate 3.0 done
	Experiment 0 done
Rate 3.0 done
	Experiment 4 done
Rate 3.0 done
	Experiment 6 done
Rate 4.0 done
	Experiment 14 done
Rate 3.0 done
	Experiment 28 done
Rate 3.0 done
	Experiment 24 done
Rate 3.0 done
	Experiment 16 done
Rate 3.0 done
	Experiment 17 done
Rate 3.0 done
	Experiment 1 done
Rate 4.0 done
	Experiment 29 done
Rate 5.0 done
	Experiment 13 done
Rate 4.0 done
	Experiment 21 done
Rate 4.0 done
	Experiment 25 done
Rate 5.0 done
	Experiment 18 done
Rate 4.0 done
	Experiment 9 done
Rate 4.0 done
	Experiment 27 done
Rate 4.0 done
	Experiment 7 done
Rate 4.0 done
	Experiment 19 done
Rate 5.0 done
	Experiment 5 done
Rate 5.0 done
	Experiment 20 done
Rate 4.0 done
	Experiment 26 done
Rate 5.0 done
	Experiment 2 done
Rate 4.0 done
	Experiment 10 done
Rate 4.0 done
	Experiment 23 done
Rate 4.0 done
	Experiment 11 done
Rate 4.0 done
	Experiment 22 done
Rate 4.0 done
	Experiment 8 done
Rate 5.0 done
	Experiment 4 done
Rate 4.0 done
	Experiment 3 done
Rate 4.0 done
	Experiment 0 done
Rate 4.0 done
	Experiment 12 done
Rate 4.0 done
	Experiment 6 done
Rate 5.0 done
	Experiment 28 done
Rate 4.0 done
	Experiment 14 done
Rate 4.0 done
	Experiment 15 done
Rate 4.0 done
	Experiment 24 done
Rate 4.0 done
	Experiment 16 done
Rate 4.0 done
	Experiment 17 done
Rate 4.0 done
	Experiment 1 done
Rate 5.0 done
	Experiment 29 done
Rate 7.0 done
	Experiment 13 done
Rate 5.0 done
	Experiment 9 done
Rate 5.0 done
	Experiment 21 done
Rate 5.0 done
	Experiment 5 done
Rate 7.0 done
	Experiment 27 done
Rate 5.0 done
	Experiment 18 done
Rate 5.0 done
	Experiment 7 done
Rate 5.0 done
	Experiment 10 done
Rate 5.0 done
	Experiment 26 done
Rate 7.0 done
	Experiment 2 done
Rate 5.0 done
	Experiment 23 done
Rate 5.0 done
	Experiment 11 done
Rate 5.0 done
	Experiment 22 done
Rate 5.0 done
	Experiment 25 done
Rate 7.0 done
	Experiment 3 done
Rate 5.0 done
	Experiment 0 done
Rate 5.0 done
	Experiment 4 done
Rate 5.0 done
	Experiment 8 done
Rate 7.0 done
	Experiment 12 done
Rate 5.0 done
	Experiment 6 done
Rate 7.0 done
	Experiment 19 done
Rate 7.0 done
	Experiment 20 done
Rate 5.0 done
	Experiment 15 done
Rate 5.0 done
	Experiment 14 done
Rate 5.0 done
	Experiment 28 done
Rate 5.0 done
	Experiment 24 done
Rate 5.0 done
	Experiment 16 done
Rate 5.0 done
	Experiment 17 done
Rate 5.0 done
	Experiment 1 done
Rate 7.0 done
	Experiment 29 done
Rate 9.0 done
	Experiment 13 done
Rate 7.0 done
	Experiment 18 done
Rate 7.0 done
	Experiment 5 done
Rate 9.0 done
	Experiment 27 done
Rate 7.0 done
	Experiment 7 done
Rate 7.0 done
	Experiment 9 done
Rate 7.0 done
	Experiment 21 done
Rate 7.0 done
	Experiment 26 done
Rate 9.0 done
	Experiment 23 done
Rate 7.0 done
	Experiment 11 done
Rate 7.0 done
	Experiment 22 done
Rate 7.0 done
	Experiment 2 done
Rate 7.0 done
	Experiment 25 done
Rate 9.0 done
	Experiment 3 done
Rate 7.0 done
	Experiment 0 done
Rate 7.0 done
	Experiment 4 done
Rate 7.0 done
	Experiment 8 done
Rate 9.0 done
	Experiment 10 done
Rate 7.0 done
	Experiment 19 done
Rate 9.0 done
	Experiment 12 done
Rate 7.0 done
	Experiment 15 done
Rate 7.0 done
	Experiment 6 done
Rate 9.0 done
	Experiment 14 done
Rate 7.0 done
	Experiment 28 done
Rate 7.0 done
	Experiment 24 done
Rate 7.0 done
	Experiment 20 done
Rate 7.0 done
	Experiment 16 done
Rate 7.0 done
	Experiment 17 done
Rate 7.0 done
	Experiment 1 done
Rate 9.0 done
	Experiment 29 done
Rate 10.0 done
	Experiment 13 done
Rate 9.0 done
	Experiment 7 done
Rate 9.0 done
	Experiment 5 done
Rate 10.0 done
	Experiment 18 done
Rate 9.0 done
	Experiment 9 done
Rate 9.0 done
	Experiment 21 done
Rate 9.0 done
	Experiment 11 done
Rate 9.0 done
	Experiment 22 done
Rate 9.0 done
	Experiment 27 done
Rate 9.0 done
	Experiment 2 done
Rate 9.0 done
	Experiment 26 done
Rate 10.0 done
	Experiment 25 done
Rate 10.0 done
	Experiment 3 done
Rate 9.0 done
	Experiment 0 done
Rate 9.0 done
	Experiment 8 done
Rate 10.0 done
	Experiment 19 done
Rate 10.0 done
	Experiment 4 done
Rate 9.0 done
	Experiment 23 done
Rate 9.0 done
	Experiment 10 done
Rate 9.0 done
	Experiment 12 done
Rate 9.0 done
	Experiment 15 done
Rate 9.0 done
	Experiment 14 done
Rate 9.0 done
	Experiment 6 done
Rate 10.0 done
	Experiment 28 done
Rate 9.0 done
	Experiment 24 done
Rate 9.0 done
	Experiment 20 done
Rate 9.0 done
	Experiment 16 done
Rate 9.0 done
	Experiment 13 done
Rate 10.0 done
	Experiment 17 done
Rate 9.0 done
	Experiment 29 done
Rate 12.0 done
	Experiment 1 done
Rate 10.0 done
	Experiment 7 done
Rate 10.0 done
	Experiment 18 done
Rate 10.0 done
	Experiment 5 done
Rate 12.0 done
	Experiment 9 done
Rate 10.0 done
	Experiment 21 done
Rate 10.0 done
	Experiment 27 done
Rate 10.0 done
	Experiment 11 done
Rate 10.0 done
	Experiment 22 done
Rate 10.0 done
	Experiment 2 done
Rate 10.0 done
	Experiment 25 done
Rate 12.0 done
	Experiment 0 done
Rate 10.0 done
	Experiment 3 done
Rate 10.0 done
	Experiment 26 done
Rate 12.0 done
	Experiment 19 done
Rate 12.0 done
	Experiment 8 done
Rate 12.0 done
	Experiment 23 done
Rate 10.0 done
	Experiment 10 done
Rate 10.0 done
	Experiment 12 done
Rate 10.0 done
	Experiment 4 done
Rate 10.0 done
	Experiment 15 done
Rate 10.0 done
	Experiment 14 done
Rate 10.0 done
	Experiment 6 done
Rate 12.0 done
	Experiment 28 done
Rate 10.0 done
	Experiment 20 done
Rate 10.0 done
	Experiment 13 done
Rate 12.0 done
	Experiment 16 done
Rate 10.0 done
	Experiment 17 done
Rate 10.0 done
	Experiment 1 done
Rate 12.0 done
	Experiment 24 done
Rate 10.0 done
	Experiment 29 done
Rate 14.0 done
	Experiment 7 done
Rate 12.0 done
	Experiment 18 done
Rate 12.0 done
	Experiment 21 done
Rate 12.0 done
	Experiment 9 done
Rate 12.0 done
	Experiment 5 done
Rate 14.0 done
	Experiment 11 done
Rate 12.0 done
	Experiment 25 done
Rate 14.0 done
	Experiment 22 done
Rate 12.0 done
	Experiment 3 done
Rate 12.0 done
	Experiment 2 done
Rate 12.0 done
	Experiment 19 done
Rate 14.0 done
	Experiment 8 done
Rate 14.0 done
	Experiment 26 done
Rate 14.0 done
	Experiment 27 done
Rate 12.0 done
	Experiment 23 done
Rate 12.0 done
	Experiment 0 done
Rate 12.0 done
	Experiment 12 done
Rate 12.0 done
	Experiment 4 done
Rate 12.0 done
	Experiment 15 done
Rate 12.0 done
	Experiment 14 done
Rate 12.0 done
	Experiment 28 done
Rate 12.0 done
	Experiment 10 done
Rate 12.0 done
	Experiment 6 done
Rate 14.0 done
	Experiment 20 done
Rate 12.0 done
	Experiment 17 done
Rate 12.0 done
	Experiment 13 done
Rate 14.0 done
	Experiment 16 done
Rate 12.0 done
	Experiment 29 done
Rate 15.0 done
	Experiment 24 done
Rate 12.0 done
	Experiment 1 done
Rate 14.0 done
	Experiment 7 done
Rate 14.0 done
	Experiment 18 done
Rate 14.0 done
	Experiment 5 done
Rate 15.0 done
	Experiment 21 done
Rate 14.0 done
	Experiment 25 done
Rate 15.0 done
	Experiment 3 done
Rate 14.0 done
	Experiment 22 done
Rate 14.0 done
	Experiment 2 done
Rate 14.0 done
	Experiment 9 done
Rate 14.0 done
	Experiment 11 done
Rate 14.0 done
	Experiment 8 done
Rate 15.0 done
	Experiment 19 done
Rate 15.0 done
	Experiment 23 done
Rate 14.0 done
	Experiment 26 done
Rate 15.0 done
	Experiment 27 done
Rate 14.0 done
	Experiment 0 done
Rate 14.0 done
	Experiment 12 done
Rate 14.0 done
	Experiment 4 done
Rate 14.0 done
	Experiment 15 done
Rate 14.0 done
	Experiment 14 done
Rate 14.0 done
	Experiment 10 done
Rate 14.0 done
	Experiment 28 done
Rate 14.0 done
	Experiment 20 done
Rate 14.0 done
	Experiment 6 done
Rate 15.0 done
	Experiment 17 done
Rate 14.0 done
	Experiment 13 done
Rate 15.0 done
	Experiment 24 done
Rate 14.0 done
	Experiment 1 done
Rate 15.0 done
	Experiment 18 done
Rate 15.0 done
	Experiment 7 done
Rate 15.0 done
	Experiment 16 done
Rate 14.0 done
	Experiment 21 done
Rate 15.0 done
	Experiment 22 done
Rate 15.0 done
	Experiment 11 done
Rate 15.0 done
	Experiment 2 done
Rate 15.0 done
	Experiment 9 done
Rate 15.0 done
	Experiment 3 done
Rate 15.0 done
	Experiment 23 done
Rate 15.0 done
	Experiment 12 done
Rate 15.0 done
	Experiment 0 done
Rate 15.0 done
	Experiment 27 done
Rate 15.0 done
	Experiment 4 done
Rate 15.0 done
	Experiment 15 done
Rate 15.0 done
	Experiment 14 done
Rate 15.0 done
	Experiment 28 done
Rate 15.0 done
	Experiment 10 done
Rate 15.0 done
	Experiment 20 done
Rate 15.0 done
	Experiment 17 done
Rate 15.0 done
	Experiment 24 done
Rate 15.0 done
	Experiment 16 done
Rate 15.0 done
